<?xml version="1.0" encoding="UTF-8"?>
<!-- Generated by org.testng.reporters.JUnitXMLReporter -->
<testsuite ignored="0" hostname="LTIN219936" failures="1" tests="3" name="Default test" time="252.413" errors="0" timestamp="2024-02-23T15:20:45 IST">
  <testcase classname="io.cucumber.testng.AbstractTestNGCucumberTests" name="runScenario" time="118.427">
    <failure type="java.lang.ArrayIndexOutOfBoundsException" message="Index 1 out of bounds for length 1">
      <![CDATA[java.lang.ArrayIndexOutOfBoundsException: Index 1 out of bounds for length 1
at pageObjects.UpcomingBikesPage.UpcomingBike(UpcomingBikesPage.java:77)
at cucumber.StepDefinition.informations_of_upcoming_bikes(StepDefinition.java:76)
at âœ½.Informations of upcoming bikes(file:///C:/Users/2303648/eclipse-workspace/IdentifyNewBikes/./feature/cucumber.feature:6)
]]>
    </failure>
  </testcase> <!-- runScenario -->
  <testcase classname="io.cucumber.testng.AbstractTestNGCucumberTests" name="runScenario" time="73.874"/>
  <testcase classname="io.cucumber.testng.AbstractTestNGCucumberTests" name="runScenario" time="49.941"/>
</testsuite> <!-- Default test -->
