<?xml version="1.0" encoding="UTF-8"?>
<!-- Generated by org.testng.reporters.JUnitReportReporter -->
<testsuite hostname="LTIN219936" failures="0" tests="3" name="cucumber.TestRunner" time="242.242" errors="1" timestamp="2024-02-23T15:20:46 IST" skipped="0">
  <testcase classname="cucumber.TestRunner" name="runScenario" time="118.427">
    <error message="Index 1 out of bounds for length 1" type="java.lang.ArrayIndexOutOfBoundsException">
      <![CDATA[java.lang.ArrayIndexOutOfBoundsException: Index 1 out of bounds for length 1
at pageObjects.UpcomingBikesPage.UpcomingBike(UpcomingBikesPage.java:77)
at cucumber.StepDefinition.informations_of_upcoming_bikes(StepDefinition.java:76)
at âœ½.Informations of upcoming bikes(file:///C:/Users/2303648/eclipse-workspace/IdentifyNewBikes/./feature/cucumber.feature:6)
]]>
    </error>
  </testcase> <!-- runScenario -->
  <testcase classname="cucumber.TestRunner" name="runScenario" time="73.874"/>
  <testcase classname="cucumber.TestRunner" name="runScenario" time="49.941"/>
</testsuite> <!-- cucumber.TestRunner -->
